<?xml version="1.0" encoding="UTF-8"?>
<testsuite xmlns:xsi="http://www.w3.org/2001/XMLSchema-instance" xsi:noNamespaceSchemaLocation="https://maven.apache.org/surefire/maven-surefire-plugin/xsd/surefire-test-report.xsd" name="com.implemica.CurrencyConverter.service.ConverterTest" time="358.941" tests="8" errors="1" skipped="1" failures="0">
  <properties>
    <property name="sun.desktop" value="windows"/>
    <property name="awt.toolkit" value="sun.awt.windows.WToolkit"/>
    <property name="file.encoding.pkg" value="sun.io"/>
    <property name="java.specification.version" value="1.8"/>
    <property name="sun.cpu.isalist" value="amd64"/>
    <property name="sun.jnu.encoding" value="Cp1251"/>
    <property name="java.class.path" value="C:\Users\User\Documents\Projects\CurrencyConverter\target\test-classes;C:\Users\User\Documents\Projects\CurrencyConverter\target\classes;C:\Users\User\.m2\repository\org\springframework\boot\spring-boot-starter-web\2.1.1.RELEASE\spring-boot-starter-web-2.1.1.RELEASE.jar;C:\Users\User\.m2\repository\org\springframework\boot\spring-boot-starter\2.1.1.RELEASE\spring-boot-starter-2.1.1.RELEASE.jar;C:\Users\User\.m2\repository\org\springframework\boot\spring-boot-starter-logging\2.1.1.RELEASE\spring-boot-starter-logging-2.1.1.RELEASE.jar;C:\Users\User\.m2\repository\ch\qos\logback\logback-classic\1.2.3\logback-classic-1.2.3.jar;C:\Users\User\.m2\repository\ch\qos\logback\logback-core\1.2.3\logback-core-1.2.3.jar;C:\Users\User\.m2\repository\org\apache\logging\log4j\log4j-to-slf4j\2.11.1\log4j-to-slf4j-2.11.1.jar;C:\Users\User\.m2\repository\org\apache\logging\log4j\log4j-api\2.11.1\log4j-api-2.11.1.jar;C:\Users\User\.m2\repository\org\slf4j\jul-to-slf4j\1.7.25\jul-to-slf4j-1.7.25.jar;C:\Users\User\.m2\repository\org\yaml\snakeyaml\1.23\snakeyaml-1.23.jar;C:\Users\User\.m2\repository\org\springframework\boot\spring-boot-starter-json\2.1.1.RELEASE\spring-boot-starter-json-2.1.1.RELEASE.jar;C:\Users\User\.m2\repository\com\fasterxml\jackson\core\jackson-databind\2.9.7\jackson-databind-2.9.7.jar;C:\Users\User\.m2\repository\com\fasterxml\jackson\core\jackson-core\2.9.7\jackson-core-2.9.7.jar;C:\Users\User\.m2\repository\com\fasterxml\jackson\datatype\jackson-datatype-jdk8\2.9.7\jackson-datatype-jdk8-2.9.7.jar;C:\Users\User\.m2\repository\com\fasterxml\jackson\datatype\jackson-datatype-jsr310\2.9.7\jackson-datatype-jsr310-2.9.7.jar;C:\Users\User\.m2\repository\com\fasterxml\jackson\module\jackson-module-parameter-names\2.9.7\jackson-module-parameter-names-2.9.7.jar;C:\Users\User\.m2\repository\org\springframework\boot\spring-boot-starter-tomcat\2.1.1.RELEASE\spring-boot-starter-tomcat-2.1.1.RELEASE.jar;C:\Users\User\.m2\repository\org\apache\tomcat\embed\tomcat-embed-websocket\9.0.13\tomcat-embed-websocket-9.0.13.jar;C:\Users\User\.m2\repository\org\hibernate\validator\hibernate-validator\6.0.13.Final\hibernate-validator-6.0.13.Final.jar;C:\Users\User\.m2\repository\javax\validation\validation-api\2.0.1.Final\validation-api-2.0.1.Final.jar;C:\Users\User\.m2\repository\org\jboss\logging\jboss-logging\3.3.2.Final\jboss-logging-3.3.2.Final.jar;C:\Users\User\.m2\repository\com\fasterxml\classmate\1.4.0\classmate-1.4.0.jar;C:\Users\User\.m2\repository\org\springframework\spring-web\5.1.3.RELEASE\spring-web-5.1.3.RELEASE.jar;C:\Users\User\.m2\repository\org\springframework\spring-webmvc\5.1.3.RELEASE\spring-webmvc-5.1.3.RELEASE.jar;C:\Users\User\.m2\repository\org\springframework\spring-aop\5.1.3.RELEASE\spring-aop-5.1.3.RELEASE.jar;C:\Users\User\.m2\repository\org\springframework\spring-expression\5.1.3.RELEASE\spring-expression-5.1.3.RELEASE.jar;C:\Users\User\.m2\repository\org\springframework\boot\spring-boot-starter-web-services\2.1.1.RELEASE\spring-boot-starter-web-services-2.1.1.RELEASE.jar;C:\Users\User\.m2\repository\com\sun\xml\messaging\saaj\saaj-impl\1.5.0\saaj-impl-1.5.0.jar;C:\Users\User\.m2\repository\javax\xml\soap\javax.xml.soap-api\1.4.0\javax.xml.soap-api-1.4.0.jar;C:\Users\User\.m2\repository\org\jvnet\mimepull\mimepull\1.9.10\mimepull-1.9.10.jar;C:\Users\User\.m2\repository\org\jvnet\staxex\stax-ex\1.8\stax-ex-1.8.jar;C:\Users\User\.m2\repository\javax\xml\ws\jaxws-api\2.3.1\jaxws-api-2.3.1.jar;C:\Users\User\.m2\repository\javax\xml\bind\jaxb-api\2.3.1\jaxb-api-2.3.1.jar;C:\Users\User\.m2\repository\javax\activation\javax.activation-api\1.2.0\javax.activation-api-1.2.0.jar;C:\Users\User\.m2\repository\org\springframework\spring-oxm\5.1.3.RELEASE\spring-oxm-5.1.3.RELEASE.jar;C:\Users\User\.m2\repository\org\springframework\ws\spring-ws-core\3.0.4.RELEASE\spring-ws-core-3.0.4.RELEASE.jar;C:\Users\User\.m2\repository\org\springframework\ws\spring-xml\3.0.4.RELEASE\spring-xml-3.0.4.RELEASE.jar;C:\Users\User\.m2\repository\commons-io\commons-io\2.5\commons-io-2.5.jar;C:\Users\User\.m2\repository\org\springframework\boot\spring-boot-starter-thymeleaf\2.1.1.RELEASE\spring-boot-starter-thymeleaf-2.1.1.RELEASE.jar;C:\Users\User\.m2\repository\org\thymeleaf\thymeleaf-spring5\3.0.11.RELEASE\thymeleaf-spring5-3.0.11.RELEASE.jar;C:\Users\User\.m2\repository\org\thymeleaf\thymeleaf\3.0.11.RELEASE\thymeleaf-3.0.11.RELEASE.jar;C:\Users\User\.m2\repository\org\attoparser\attoparser\2.0.5.RELEASE\attoparser-2.0.5.RELEASE.jar;C:\Users\User\.m2\repository\org\unbescape\unbescape\1.1.6.RELEASE\unbescape-1.1.6.RELEASE.jar;C:\Users\User\.m2\repository\org\thymeleaf\extras\thymeleaf-extras-java8time\3.0.2.RELEASE\thymeleaf-extras-java8time-3.0.2.RELEASE.jar;C:\Users\User\.m2\repository\org\springframework\boot\spring-boot-devtools\2.1.1.RELEASE\spring-boot-devtools-2.1.1.RELEASE.jar;C:\Users\User\.m2\repository\org\springframework\boot\spring-boot\2.1.1.RELEASE\spring-boot-2.1.1.RELEASE.jar;C:\Users\User\.m2\repository\org\springframework\boot\spring-boot-autoconfigure\2.1.1.RELEASE\spring-boot-autoconfigure-2.1.1.RELEASE.jar;C:\Users\User\.m2\repository\org\springframework\boot\spring-boot-test\2.1.1.RELEASE\spring-boot-test-2.1.1.RELEASE.jar;C:\Users\User\.m2\repository\org\springframework\boot\spring-boot-test-autoconfigure\2.1.1.RELEASE\spring-boot-test-autoconfigure-2.1.1.RELEASE.jar;C:\Users\User\.m2\repository\org\springframework\spring-test\5.1.3.RELEASE\spring-test-5.1.3.RELEASE.jar;C:\Users\User\.m2\repository\org\springframework\spring-core\5.1.3.RELEASE\spring-core-5.1.3.RELEASE.jar;C:\Users\User\.m2\repository\org\springframework\spring-jcl\5.1.3.RELEASE\spring-jcl-5.1.3.RELEASE.jar;C:\Users\User\.m2\repository\org\springframework\spring-websocket\5.1.3.RELEASE\spring-websocket-5.1.3.RELEASE.jar;C:\Users\User\.m2\repository\org\springframework\spring-context\5.1.3.RELEASE\spring-context-5.1.3.RELEASE.jar;C:\Users\User\.m2\repository\org\springframework\spring-messaging\5.1.3.RELEASE\spring-messaging-5.1.3.RELEASE.jar;C:\Users\User\.m2\repository\org\springframework\spring-beans\5.1.3.RELEASE\spring-beans-5.1.3.RELEASE.jar;C:\Users\User\.m2\repository\org\javamoney\moneta\moneta-core\1.3\moneta-core-1.3.jar;C:\Users\User\.m2\repository\org\javamoney\moneta\moneta-convert\1.3\moneta-convert-1.3.jar;C:\Users\User\.m2\repository\org\javamoney\moneta\moneta-convert-imf\1.3\moneta-convert-imf-1.3.jar;C:\Users\User\.m2\repository\org\javamoney\moneta\moneta-convert-ecb\1.3\moneta-convert-ecb-1.3.jar;C:\Users\User\.m2\repository\javax\money\money-api\1.0.3\money-api-1.0.3.jar;C:\Users\User\.m2\repository\javax\annotation\javax.annotation-api\1.3.2\javax.annotation-api-1.3.2.jar;C:\Users\User\.m2\repository\com\tunyk\currencyconverter\currency-converter-api\1.0\currency-converter-api-1.0.jar;C:\Users\User\.m2\repository\net\sf\ehcache\ehcache-core\2.4.3\ehcache-core-2.4.3.jar;C:\Users\User\.m2\repository\org\slf4j\slf4j-api\1.7.25\slf4j-api-1.7.25.jar;C:\Users\User\.m2\repository\org\slf4j\slf4j-log4j12\1.7.25\slf4j-log4j12-1.7.25.jar;C:\Users\User\.m2\repository\log4j\log4j\1.2.17\log4j-1.2.17.jar;C:\Users\User\.m2\repository\org\junit\jupiter\junit-jupiter-engine\5.3.1\junit-jupiter-engine-5.3.1.jar;C:\Users\User\.m2\repository\org\apiguardian\apiguardian-api\1.0.0\apiguardian-api-1.0.0.jar;C:\Users\User\.m2\repository\org\junit\platform\junit-platform-engine\1.3.2\junit-platform-engine-1.3.2.jar;C:\Users\User\.m2\repository\org\junit\platform\junit-platform-commons\1.3.2\junit-platform-commons-1.3.2.jar;C:\Users\User\.m2\repository\org\opentest4j\opentest4j\1.1.1\opentest4j-1.1.1.jar;C:\Users\User\.m2\repository\org\junit\jupiter\junit-jupiter-api\5.3.2\junit-jupiter-api-5.3.2.jar;C:\Users\User\.m2\repository\org\junit\platform\junit-platform-runner\1.3.0\junit-platform-runner-1.3.0.jar;C:\Users\User\.m2\repository\org\junit\platform\junit-platform-launcher\1.3.2\junit-platform-launcher-1.3.2.jar;C:\Users\User\.m2\repository\org\junit\platform\junit-platform-suite-api\1.3.2\junit-platform-suite-api-1.3.2.jar;C:\Users\User\.m2\repository\junit\junit\4.12\junit-4.12.jar;C:\Users\User\.m2\repository\org\hamcrest\hamcrest-core\1.3\hamcrest-core-1.3.jar;C:\Users\User\.m2\repository\org\projectlombok\lombok\1.18.4\lombok-1.18.4.jar;C:\Users\User\.m2\repository\org\telegram\telegrambots-spring-boot-starter\4.1\telegrambots-spring-boot-starter-4.1.jar;C:\Users\User\.m2\repository\org\telegram\telegrambots\4.1\telegrambots-4.1.jar;C:\Users\User\.m2\repository\org\telegram\telegrambots-meta\4.1\telegrambots-meta-4.1.jar;C:\Users\User\.m2\repository\com\google\inject\guice\4.1.0\guice-4.1.0.jar;C:\Users\User\.m2\repository\javax\inject\javax.inject\1\javax.inject-1.jar;C:\Users\User\.m2\repository\aopalliance\aopalliance\1.0\aopalliance-1.0.jar;C:\Users\User\.m2\repository\com\google\guava\guava\19.0\guava-19.0.jar;C:\Users\User\.m2\repository\com\fasterxml\jackson\core\jackson-annotations\2.9.0\jackson-annotations-2.9.0.jar;C:\Users\User\.m2\repository\com\fasterxml\jackson\jaxrs\jackson-jaxrs-json-provider\2.9.7\jackson-jaxrs-json-provider-2.9.7.jar;C:\Users\User\.m2\repository\com\fasterxml\jackson\jaxrs\jackson-jaxrs-base\2.9.7\jackson-jaxrs-base-2.9.7.jar;C:\Users\User\.m2\repository\com\fasterxml\jackson\module\jackson-module-jaxb-annotations\2.9.7\jackson-module-jaxb-annotations-2.9.7.jar;C:\Users\User\.m2\repository\org\glassfish\jersey\media\jersey-media-json-jackson\2.27\jersey-media-json-jackson-2.27.jar;C:\Users\User\.m2\repository\org\glassfish\jersey\core\jersey-common\2.27\jersey-common-2.27.jar;C:\Users\User\.m2\repository\org\glassfish\hk2\osgi-resource-locator\1.0.1\osgi-resource-locator-1.0.1.jar;C:\Users\User\.m2\repository\org\glassfish\jersey\ext\jersey-entity-filtering\2.27\jersey-entity-filtering-2.27.jar;C:\Users\User\.m2\repository\org\glassfish\jersey\containers\jersey-container-grizzly2-http\2.27\jersey-container-grizzly2-http-2.27.jar;C:\Users\User\.m2\repository\org\glassfish\hk2\external\javax.inject\2.5.0-b42\javax.inject-2.5.0-b42.jar;C:\Users\User\.m2\repository\org\glassfish\grizzly\grizzly-http-server\2.4.0\grizzly-http-server-2.4.0.jar;C:\Users\User\.m2\repository\org\glassfish\grizzly\grizzly-http\2.4.0\grizzly-http-2.4.0.jar;C:\Users\User\.m2\repository\org\glassfish\grizzly\grizzly-framework\2.4.0\grizzly-framework-2.4.0.jar;C:\Users\User\.m2\repository\javax\ws\rs\javax.ws.rs-api\2.1\javax.ws.rs-api-2.1.jar;C:\Users\User\.m2\repository\org\glassfish\jersey\core\jersey-server\2.27\jersey-server-2.27.jar;C:\Users\User\.m2\repository\org\glassfish\jersey\core\jersey-client\2.27\jersey-client-2.27.jar;C:\Users\User\.m2\repository\org\glassfish\jersey\media\jersey-media-jaxb\2.27\jersey-media-jaxb-2.27.jar;C:\Users\User\.m2\repository\org\json\json\20160810\json-20160810.jar;C:\Users\User\.m2\repository\org\apache\httpcomponents\httpclient\4.5.6\httpclient-4.5.6.jar;C:\Users\User\.m2\repository\org\apache\httpcomponents\httpcore\4.4.10\httpcore-4.4.10.jar;C:\Users\User\.m2\repository\commons-codec\commons-codec\1.11\commons-codec-1.11.jar;C:\Users\User\.m2\repository\org\apache\httpcomponents\httpmime\4.5.6\httpmime-4.5.6.jar;C:\Users\User\.m2\repository\org\apache\tomcat\embed\tomcat-embed-jasper\9.0.13\tomcat-embed-jasper-9.0.13.jar;C:\Users\User\.m2\repository\org\apache\tomcat\embed\tomcat-embed-core\9.0.13\tomcat-embed-core-9.0.13.jar;C:\Users\User\.m2\repository\org\apache\tomcat\tomcat-annotations-api\9.0.13\tomcat-annotations-api-9.0.13.jar;C:\Users\User\.m2\repository\org\apache\tomcat\embed\tomcat-embed-el\9.0.13\tomcat-embed-el-9.0.13.jar;C:\Users\User\.m2\repository\org\eclipse\jdt\ecj\3.13.102\ecj-3.13.102.jar;C:\Users\User\.m2\repository\javax\servlet\jstl\1.2\jstl-1.2.jar;C:\Users\User\.m2\repository\com\opencsv\opencsv\4.1\opencsv-4.1.jar;C:\Users\User\.m2\repository\org\apache\commons\commons-lang3\3.8.1\commons-lang3-3.8.1.jar;C:\Users\User\.m2\repository\org\apache\commons\commons-text\1.1\commons-text-1.1.jar;C:\Users\User\.m2\repository\commons-beanutils\commons-beanutils\1.9.3\commons-beanutils-1.9.3.jar;C:\Users\User\.m2\repository\commons-logging\commons-logging\1.2\commons-logging-1.2.jar;C:\Users\User\.m2\repository\commons-collections\commons-collections\3.2.2\commons-collections-3.2.2.jar;C:\Users\User\.m2\repository\org\mockito\mockito-core\2.23.4\mockito-core-2.23.4.jar;C:\Users\User\.m2\repository\net\bytebuddy\byte-buddy\1.9.5\byte-buddy-1.9.5.jar;C:\Users\User\.m2\repository\net\bytebuddy\byte-buddy-agent\1.9.5\byte-buddy-agent-1.9.5.jar;C:\Users\User\.m2\repository\org\objenesis\objenesis\2.6\objenesis-2.6.jar;"/>
    <property name="java.vm.vendor" value="Oracle Corporation"/>
    <property name="sun.arch.data.model" value="64"/>
    <property name="user.variant" value=""/>
    <property name="java.vendor.url" value="http://java.oracle.com/"/>
    <property name="user.timezone" value="Europe/Helsinki"/>
    <property name="java.vm.specification.version" value="1.8"/>
    <property name="os.name" value="Windows 10"/>
    <property name="user.country" value="RU"/>
    <property name="sun.java.launcher" value="SUN_STANDARD"/>
    <property name="sun.boot.library.path" value="C:\Program Files\Java\jdk1.8.0_191\jre\bin"/>
    <property name="sun.java.command" value="C:\Users\User\AppData\Local\Temp\surefire6357961313241084558\surefirebooter8368961086218515452.jar C:\Users\User\AppData\Local\Temp\surefire6357961313241084558 2019-01-10T11-27-46_197-jvmRun1 surefire3069896319827986583tmp surefire_04576469612735990024tmp"/>
    <property name="surefire.test.class.path" value="C:\Users\User\Documents\Projects\CurrencyConverter\target\test-classes;C:\Users\User\Documents\Projects\CurrencyConverter\target\classes;C:\Users\User\.m2\repository\org\springframework\boot\spring-boot-starter-web\2.1.1.RELEASE\spring-boot-starter-web-2.1.1.RELEASE.jar;C:\Users\User\.m2\repository\org\springframework\boot\spring-boot-starter\2.1.1.RELEASE\spring-boot-starter-2.1.1.RELEASE.jar;C:\Users\User\.m2\repository\org\springframework\boot\spring-boot-starter-logging\2.1.1.RELEASE\spring-boot-starter-logging-2.1.1.RELEASE.jar;C:\Users\User\.m2\repository\ch\qos\logback\logback-classic\1.2.3\logback-classic-1.2.3.jar;C:\Users\User\.m2\repository\ch\qos\logback\logback-core\1.2.3\logback-core-1.2.3.jar;C:\Users\User\.m2\repository\org\apache\logging\log4j\log4j-to-slf4j\2.11.1\log4j-to-slf4j-2.11.1.jar;C:\Users\User\.m2\repository\org\apache\logging\log4j\log4j-api\2.11.1\log4j-api-2.11.1.jar;C:\Users\User\.m2\repository\org\slf4j\jul-to-slf4j\1.7.25\jul-to-slf4j-1.7.25.jar;C:\Users\User\.m2\repository\org\yaml\snakeyaml\1.23\snakeyaml-1.23.jar;C:\Users\User\.m2\repository\org\springframework\boot\spring-boot-starter-json\2.1.1.RELEASE\spring-boot-starter-json-2.1.1.RELEASE.jar;C:\Users\User\.m2\repository\com\fasterxml\jackson\core\jackson-databind\2.9.7\jackson-databind-2.9.7.jar;C:\Users\User\.m2\repository\com\fasterxml\jackson\core\jackson-core\2.9.7\jackson-core-2.9.7.jar;C:\Users\User\.m2\repository\com\fasterxml\jackson\datatype\jackson-datatype-jdk8\2.9.7\jackson-datatype-jdk8-2.9.7.jar;C:\Users\User\.m2\repository\com\fasterxml\jackson\datatype\jackson-datatype-jsr310\2.9.7\jackson-datatype-jsr310-2.9.7.jar;C:\Users\User\.m2\repository\com\fasterxml\jackson\module\jackson-module-parameter-names\2.9.7\jackson-module-parameter-names-2.9.7.jar;C:\Users\User\.m2\repository\org\springframework\boot\spring-boot-starter-tomcat\2.1.1.RELEASE\spring-boot-starter-tomcat-2.1.1.RELEASE.jar;C:\Users\User\.m2\repository\org\apache\tomcat\embed\tomcat-embed-websocket\9.0.13\tomcat-embed-websocket-9.0.13.jar;C:\Users\User\.m2\repository\org\hibernate\validator\hibernate-validator\6.0.13.Final\hibernate-validator-6.0.13.Final.jar;C:\Users\User\.m2\repository\javax\validation\validation-api\2.0.1.Final\validation-api-2.0.1.Final.jar;C:\Users\User\.m2\repository\org\jboss\logging\jboss-logging\3.3.2.Final\jboss-logging-3.3.2.Final.jar;C:\Users\User\.m2\repository\com\fasterxml\classmate\1.4.0\classmate-1.4.0.jar;C:\Users\User\.m2\repository\org\springframework\spring-web\5.1.3.RELEASE\spring-web-5.1.3.RELEASE.jar;C:\Users\User\.m2\repository\org\springframework\spring-webmvc\5.1.3.RELEASE\spring-webmvc-5.1.3.RELEASE.jar;C:\Users\User\.m2\repository\org\springframework\spring-aop\5.1.3.RELEASE\spring-aop-5.1.3.RELEASE.jar;C:\Users\User\.m2\repository\org\springframework\spring-expression\5.1.3.RELEASE\spring-expression-5.1.3.RELEASE.jar;C:\Users\User\.m2\repository\org\springframework\boot\spring-boot-starter-web-services\2.1.1.RELEASE\spring-boot-starter-web-services-2.1.1.RELEASE.jar;C:\Users\User\.m2\repository\com\sun\xml\messaging\saaj\saaj-impl\1.5.0\saaj-impl-1.5.0.jar;C:\Users\User\.m2\repository\javax\xml\soap\javax.xml.soap-api\1.4.0\javax.xml.soap-api-1.4.0.jar;C:\Users\User\.m2\repository\org\jvnet\mimepull\mimepull\1.9.10\mimepull-1.9.10.jar;C:\Users\User\.m2\repository\org\jvnet\staxex\stax-ex\1.8\stax-ex-1.8.jar;C:\Users\User\.m2\repository\javax\xml\ws\jaxws-api\2.3.1\jaxws-api-2.3.1.jar;C:\Users\User\.m2\repository\javax\xml\bind\jaxb-api\2.3.1\jaxb-api-2.3.1.jar;C:\Users\User\.m2\repository\javax\activation\javax.activation-api\1.2.0\javax.activation-api-1.2.0.jar;C:\Users\User\.m2\repository\org\springframework\spring-oxm\5.1.3.RELEASE\spring-oxm-5.1.3.RELEASE.jar;C:\Users\User\.m2\repository\org\springframework\ws\spring-ws-core\3.0.4.RELEASE\spring-ws-core-3.0.4.RELEASE.jar;C:\Users\User\.m2\repository\org\springframework\ws\spring-xml\3.0.4.RELEASE\spring-xml-3.0.4.RELEASE.jar;C:\Users\User\.m2\repository\commons-io\commons-io\2.5\commons-io-2.5.jar;C:\Users\User\.m2\repository\org\springframework\boot\spring-boot-starter-thymeleaf\2.1.1.RELEASE\spring-boot-starter-thymeleaf-2.1.1.RELEASE.jar;C:\Users\User\.m2\repository\org\thymeleaf\thymeleaf-spring5\3.0.11.RELEASE\thymeleaf-spring5-3.0.11.RELEASE.jar;C:\Users\User\.m2\repository\org\thymeleaf\thymeleaf\3.0.11.RELEASE\thymeleaf-3.0.11.RELEASE.jar;C:\Users\User\.m2\repository\org\attoparser\attoparser\2.0.5.RELEASE\attoparser-2.0.5.RELEASE.jar;C:\Users\User\.m2\repository\org\unbescape\unbescape\1.1.6.RELEASE\unbescape-1.1.6.RELEASE.jar;C:\Users\User\.m2\repository\org\thymeleaf\extras\thymeleaf-extras-java8time\3.0.2.RELEASE\thymeleaf-extras-java8time-3.0.2.RELEASE.jar;C:\Users\User\.m2\repository\org\springframework\boot\spring-boot-devtools\2.1.1.RELEASE\spring-boot-devtools-2.1.1.RELEASE.jar;C:\Users\User\.m2\repository\org\springframework\boot\spring-boot\2.1.1.RELEASE\spring-boot-2.1.1.RELEASE.jar;C:\Users\User\.m2\repository\org\springframework\boot\spring-boot-autoconfigure\2.1.1.RELEASE\spring-boot-autoconfigure-2.1.1.RELEASE.jar;C:\Users\User\.m2\repository\org\springframework\boot\spring-boot-test\2.1.1.RELEASE\spring-boot-test-2.1.1.RELEASE.jar;C:\Users\User\.m2\repository\org\springframework\boot\spring-boot-test-autoconfigure\2.1.1.RELEASE\spring-boot-test-autoconfigure-2.1.1.RELEASE.jar;C:\Users\User\.m2\repository\org\springframework\spring-test\5.1.3.RELEASE\spring-test-5.1.3.RELEASE.jar;C:\Users\User\.m2\repository\org\springframework\spring-core\5.1.3.RELEASE\spring-core-5.1.3.RELEASE.jar;C:\Users\User\.m2\repository\org\springframework\spring-jcl\5.1.3.RELEASE\spring-jcl-5.1.3.RELEASE.jar;C:\Users\User\.m2\repository\org\springframework\spring-websocket\5.1.3.RELEASE\spring-websocket-5.1.3.RELEASE.jar;C:\Users\User\.m2\repository\org\springframework\spring-context\5.1.3.RELEASE\spring-context-5.1.3.RELEASE.jar;C:\Users\User\.m2\repository\org\springframework\spring-messaging\5.1.3.RELEASE\spring-messaging-5.1.3.RELEASE.jar;C:\Users\User\.m2\repository\org\springframework\spring-beans\5.1.3.RELEASE\spring-beans-5.1.3.RELEASE.jar;C:\Users\User\.m2\repository\org\javamoney\moneta\moneta-core\1.3\moneta-core-1.3.jar;C:\Users\User\.m2\repository\org\javamoney\moneta\moneta-convert\1.3\moneta-convert-1.3.jar;C:\Users\User\.m2\repository\org\javamoney\moneta\moneta-convert-imf\1.3\moneta-convert-imf-1.3.jar;C:\Users\User\.m2\repository\org\javamoney\moneta\moneta-convert-ecb\1.3\moneta-convert-ecb-1.3.jar;C:\Users\User\.m2\repository\javax\money\money-api\1.0.3\money-api-1.0.3.jar;C:\Users\User\.m2\repository\javax\annotation\javax.annotation-api\1.3.2\javax.annotation-api-1.3.2.jar;C:\Users\User\.m2\repository\com\tunyk\currencyconverter\currency-converter-api\1.0\currency-converter-api-1.0.jar;C:\Users\User\.m2\repository\net\sf\ehcache\ehcache-core\2.4.3\ehcache-core-2.4.3.jar;C:\Users\User\.m2\repository\org\slf4j\slf4j-api\1.7.25\slf4j-api-1.7.25.jar;C:\Users\User\.m2\repository\org\slf4j\slf4j-log4j12\1.7.25\slf4j-log4j12-1.7.25.jar;C:\Users\User\.m2\repository\log4j\log4j\1.2.17\log4j-1.2.17.jar;C:\Users\User\.m2\repository\org\junit\jupiter\junit-jupiter-engine\5.3.1\junit-jupiter-engine-5.3.1.jar;C:\Users\User\.m2\repository\org\apiguardian\apiguardian-api\1.0.0\apiguardian-api-1.0.0.jar;C:\Users\User\.m2\repository\org\junit\platform\junit-platform-engine\1.3.2\junit-platform-engine-1.3.2.jar;C:\Users\User\.m2\repository\org\junit\platform\junit-platform-commons\1.3.2\junit-platform-commons-1.3.2.jar;C:\Users\User\.m2\repository\org\opentest4j\opentest4j\1.1.1\opentest4j-1.1.1.jar;C:\Users\User\.m2\repository\org\junit\jupiter\junit-jupiter-api\5.3.2\junit-jupiter-api-5.3.2.jar;C:\Users\User\.m2\repository\org\junit\platform\junit-platform-runner\1.3.0\junit-platform-runner-1.3.0.jar;C:\Users\User\.m2\repository\org\junit\platform\junit-platform-launcher\1.3.2\junit-platform-launcher-1.3.2.jar;C:\Users\User\.m2\repository\org\junit\platform\junit-platform-suite-api\1.3.2\junit-platform-suite-api-1.3.2.jar;C:\Users\User\.m2\repository\junit\junit\4.12\junit-4.12.jar;C:\Users\User\.m2\repository\org\hamcrest\hamcrest-core\1.3\hamcrest-core-1.3.jar;C:\Users\User\.m2\repository\org\projectlombok\lombok\1.18.4\lombok-1.18.4.jar;C:\Users\User\.m2\repository\org\telegram\telegrambots-spring-boot-starter\4.1\telegrambots-spring-boot-starter-4.1.jar;C:\Users\User\.m2\repository\org\telegram\telegrambots\4.1\telegrambots-4.1.jar;C:\Users\User\.m2\repository\org\telegram\telegrambots-meta\4.1\telegrambots-meta-4.1.jar;C:\Users\User\.m2\repository\com\google\inject\guice\4.1.0\guice-4.1.0.jar;C:\Users\User\.m2\repository\javax\inject\javax.inject\1\javax.inject-1.jar;C:\Users\User\.m2\repository\aopalliance\aopalliance\1.0\aopalliance-1.0.jar;C:\Users\User\.m2\repository\com\google\guava\guava\19.0\guava-19.0.jar;C:\Users\User\.m2\repository\com\fasterxml\jackson\core\jackson-annotations\2.9.0\jackson-annotations-2.9.0.jar;C:\Users\User\.m2\repository\com\fasterxml\jackson\jaxrs\jackson-jaxrs-json-provider\2.9.7\jackson-jaxrs-json-provider-2.9.7.jar;C:\Users\User\.m2\repository\com\fasterxml\jackson\jaxrs\jackson-jaxrs-base\2.9.7\jackson-jaxrs-base-2.9.7.jar;C:\Users\User\.m2\repository\com\fasterxml\jackson\module\jackson-module-jaxb-annotations\2.9.7\jackson-module-jaxb-annotations-2.9.7.jar;C:\Users\User\.m2\repository\org\glassfish\jersey\media\jersey-media-json-jackson\2.27\jersey-media-json-jackson-2.27.jar;C:\Users\User\.m2\repository\org\glassfish\jersey\core\jersey-common\2.27\jersey-common-2.27.jar;C:\Users\User\.m2\repository\org\glassfish\hk2\osgi-resource-locator\1.0.1\osgi-resource-locator-1.0.1.jar;C:\Users\User\.m2\repository\org\glassfish\jersey\ext\jersey-entity-filtering\2.27\jersey-entity-filtering-2.27.jar;C:\Users\User\.m2\repository\org\glassfish\jersey\containers\jersey-container-grizzly2-http\2.27\jersey-container-grizzly2-http-2.27.jar;C:\Users\User\.m2\repository\org\glassfish\hk2\external\javax.inject\2.5.0-b42\javax.inject-2.5.0-b42.jar;C:\Users\User\.m2\repository\org\glassfish\grizzly\grizzly-http-server\2.4.0\grizzly-http-server-2.4.0.jar;C:\Users\User\.m2\repository\org\glassfish\grizzly\grizzly-http\2.4.0\grizzly-http-2.4.0.jar;C:\Users\User\.m2\repository\org\glassfish\grizzly\grizzly-framework\2.4.0\grizzly-framework-2.4.0.jar;C:\Users\User\.m2\repository\javax\ws\rs\javax.ws.rs-api\2.1\javax.ws.rs-api-2.1.jar;C:\Users\User\.m2\repository\org\glassfish\jersey\core\jersey-server\2.27\jersey-server-2.27.jar;C:\Users\User\.m2\repository\org\glassfish\jersey\core\jersey-client\2.27\jersey-client-2.27.jar;C:\Users\User\.m2\repository\org\glassfish\jersey\media\jersey-media-jaxb\2.27\jersey-media-jaxb-2.27.jar;C:\Users\User\.m2\repository\org\json\json\20160810\json-20160810.jar;C:\Users\User\.m2\repository\org\apache\httpcomponents\httpclient\4.5.6\httpclient-4.5.6.jar;C:\Users\User\.m2\repository\org\apache\httpcomponents\httpcore\4.4.10\httpcore-4.4.10.jar;C:\Users\User\.m2\repository\commons-codec\commons-codec\1.11\commons-codec-1.11.jar;C:\Users\User\.m2\repository\org\apache\httpcomponents\httpmime\4.5.6\httpmime-4.5.6.jar;C:\Users\User\.m2\repository\org\apache\tomcat\embed\tomcat-embed-jasper\9.0.13\tomcat-embed-jasper-9.0.13.jar;C:\Users\User\.m2\repository\org\apache\tomcat\embed\tomcat-embed-core\9.0.13\tomcat-embed-core-9.0.13.jar;C:\Users\User\.m2\repository\org\apache\tomcat\tomcat-annotations-api\9.0.13\tomcat-annotations-api-9.0.13.jar;C:\Users\User\.m2\repository\org\apache\tomcat\embed\tomcat-embed-el\9.0.13\tomcat-embed-el-9.0.13.jar;C:\Users\User\.m2\repository\org\eclipse\jdt\ecj\3.13.102\ecj-3.13.102.jar;C:\Users\User\.m2\repository\javax\servlet\jstl\1.2\jstl-1.2.jar;C:\Users\User\.m2\repository\com\opencsv\opencsv\4.1\opencsv-4.1.jar;C:\Users\User\.m2\repository\org\apache\commons\commons-lang3\3.8.1\commons-lang3-3.8.1.jar;C:\Users\User\.m2\repository\org\apache\commons\commons-text\1.1\commons-text-1.1.jar;C:\Users\User\.m2\repository\commons-beanutils\commons-beanutils\1.9.3\commons-beanutils-1.9.3.jar;C:\Users\User\.m2\repository\commons-logging\commons-logging\1.2\commons-logging-1.2.jar;C:\Users\User\.m2\repository\commons-collections\commons-collections\3.2.2\commons-collections-3.2.2.jar;C:\Users\User\.m2\repository\org\mockito\mockito-core\2.23.4\mockito-core-2.23.4.jar;C:\Users\User\.m2\repository\net\bytebuddy\byte-buddy\1.9.5\byte-buddy-1.9.5.jar;C:\Users\User\.m2\repository\net\bytebuddy\byte-buddy-agent\1.9.5\byte-buddy-agent-1.9.5.jar;C:\Users\User\.m2\repository\org\objenesis\objenesis\2.6\objenesis-2.6.jar;"/>
    <property name="sun.cpu.endian" value="little"/>
    <property name="user.home" value="C:\Users\User"/>
    <property name="user.language" value="ru"/>
    <property name="java.specification.vendor" value="Oracle Corporation"/>
    <property name="java.home" value="C:\Program Files\Java\jdk1.8.0_191\jre"/>
    <property name="basedir" value="C:\Users\User\Documents\Projects\CurrencyConverter"/>
    <property name="file.separator" value="\"/>
    <property name="line.separator" value="&#10;"/>
    <property name="java.vm.specification.vendor" value="Oracle Corporation"/>
    <property name="java.specification.name" value="Java Platform API Specification"/>
    <property name="java.awt.graphicsenv" value="sun.awt.Win32GraphicsEnvironment"/>
    <property name="surefire.real.class.path" value="C:\Users\User\AppData\Local\Temp\surefire6357961313241084558\surefirebooter8368961086218515452.jar"/>
    <property name="sun.boot.class.path" value="C:\Program Files\Java\jdk1.8.0_191\jre\lib\resources.jar;C:\Program Files\Java\jdk1.8.0_191\jre\lib\rt.jar;C:\Program Files\Java\jdk1.8.0_191\jre\lib\sunrsasign.jar;C:\Program Files\Java\jdk1.8.0_191\jre\lib\jsse.jar;C:\Program Files\Java\jdk1.8.0_191\jre\lib\jce.jar;C:\Program Files\Java\jdk1.8.0_191\jre\lib\charsets.jar;C:\Program Files\Java\jdk1.8.0_191\jre\lib\jfr.jar;C:\Program Files\Java\jdk1.8.0_191\jre\classes"/>
    <property name="user.script" value=""/>
    <property name="sun.management.compiler" value="HotSpot 64-Bit Tiered Compilers"/>
    <property name="java.runtime.version" value="1.8.0_191-b12"/>
    <property name="user.name" value="User"/>
    <property name="path.separator" value=";"/>
    <property name="os.version" value="10.0"/>
    <property name="java.endorsed.dirs" value="C:\Program Files\Java\jdk1.8.0_191\jre\lib\endorsed"/>
    <property name="java.runtime.name" value="Java(TM) SE Runtime Environment"/>
    <property name="file.encoding" value="Cp1251"/>
    <property name="java.vm.name" value="Java HotSpot(TM) 64-Bit Server VM"/>
    <property name="localRepository" value="C:\Users\User\.m2\repository"/>
    <property name="java.vendor.url.bug" value="http://bugreport.sun.com/bugreport/"/>
    <property name="java.io.tmpdir" value="C:\Users\User\AppData\Local\Temp\"/>
    <property name="idea.version" value="2018.2.4"/>
    <property name="java.version" value="1.8.0_191"/>
    <property name="user.dir" value="C:\Users\User\Documents\Projects\CurrencyConverter"/>
    <property name="os.arch" value="amd64"/>
    <property name="java.vm.specification.name" value="Java Virtual Machine Specification"/>
    <property name="java.awt.printerjob" value="sun.awt.windows.WPrinterJob"/>
    <property name="sun.os.patch.level" value=""/>
    <property name="java.library.path" value="C:\Program Files\Java\jdk1.8.0_191\jre\bin;C:\WINDOWS\Sun\Java\bin;C:\WINDOWS\system32;C:\WINDOWS;C:\Program Files (x86)\Common Files\Oracle\Java\javapath;C:\WINDOWS\system32;C:\WINDOWS;C:\WINDOWS\System32\Wbem;C:\WINDOWS\System32\WindowsPowerShell\v1.0\;C:\Program Files (x86)\Intel\Services\IPT\;C:\Program Files\Intel\WiFi\bin\;C:\Program Files\Common Files\Intel\WirelessCommon\;C:\WINDOWS\System32\OpenSSH\;C:\Program Files\Git\cmd;C:\Program Files\TortoiseSVN\bin;C:\Users\User\AppData\Local\Microsoft\WindowsApps;C:\Users\User\AppData\Local\GitHubDesktop\bin;."/>
    <property name="java.vm.info" value="mixed mode"/>
    <property name="java.vendor" value="Oracle Corporation"/>
    <property name="java.vm.version" value="25.191-b12"/>
    <property name="java.ext.dirs" value="C:\Program Files\Java\jdk1.8.0_191\jre\lib\ext;C:\WINDOWS\Sun\Java\lib\ext"/>
    <property name="sun.io.unicode.encoding" value="UnicodeLittle"/>
    <property name="java.class.version" value="52.0"/>
  </properties>
  <testcase name="checkCurrencyTransferFromUAH" classname="com.implemica.CurrencyConverter.service.ConverterTest" time="6.013"/>
  <testcase name="checkCurrencyTransferFromUSD" classname="com.implemica.CurrencyConverter.service.ConverterTest" time="93.227"/>
  <testcase name="checkConversionsWithAllPossibleCurrencies" classname="com.implemica.CurrencyConverter.service.ConverterTest" time="0">
    <skipped message="this test takes 2 hours 25 min. "/>
  </testcase>
  <testcase name="convertPopularCurrencies" classname="com.implemica.CurrencyConverter.service.ConverterTest" time="0.792"/>
  <testcase name="checkIdenticalCurrency" classname="com.implemica.CurrencyConverter.service.ConverterTest" time="119.132">
    <error message="Problem with internet connection." type="java.net.UnknownHostException">java.net.UnknownHostException: Problem with internet connection.
	at com.implemica.CurrencyConverter.service.ConverterTest.checkConvertForIdenticalCurrencies(ConverterTest.java:524)
	at com.implemica.CurrencyConverter.service.ConverterTest.checkIdenticalCurrency(ConverterTest.java:492)
</error>
    <system-out><![CDATA[2019-01-10 11:30:30.360  INFO 15496 --- [           main] c.i.C.service.ConverterService           : converted by Java money api: FRF -> FRF value: 0.81479794 result: 0.81479794
2019-01-10 11:30:31.026  INFO 15496 --- [           main] c.i.C.service.ConverterService           : converted by Java money api: MUR -> MUR value: 0.43658346 result: 0.43658346
2019-01-10 11:30:31.784  INFO 15496 --- [           main] c.i.C.service.ConverterService           : converted by Java money api: TND -> TND value: 0.7911727 result: 0.7911727
2019-01-10 11:30:32.705  INFO 15496 --- [           main] c.i.C.service.ConverterService           : converted by Java money api: BIF -> BIF value: 0.04180044 result: 0.04180044
2019-01-10 11:30:33.349  INFO 15496 --- [           main] c.i.C.service.ConverterService           : converted by Java money api: CUP -> CUP value: 0.8282667 result: 0.8282667
2019-01-10 11:30:34.037  INFO 15496 --- [           main] c.i.C.service.ConverterService           : converted by Java money api: MVR -> MVR value: 0.119629085 result: 0.119629085
2019-01-10 11:30:34.647  INFO 15496 --- [           main] c.i.C.service.ConverterService           : converted by Java money api: ILS -> ILS value: 0.4621778 result: 0.4621778
2019-01-10 11:30:35.040  INFO 15496 --- [           main] c.i.C.service.ConverterService           : converted by Java money api: SHP -> SHP value: 0.52603334 result: 0.52603334
2019-01-10 11:30:35.443  INFO 15496 --- [           main] c.i.C.service.ConverterService           : converted by Java money api: PTE -> PTE value: 0.92019904 result: 0.92019904
2019-01-10 11:30:35.488  INFO 15496 --- [           main] c.i.C.service.ConverterService           : converted by bank-ua.com: ISK -> ISK value: 0.97131217 result: 0.97131217
2019-01-10 11:30:36.044  INFO 15496 --- [           main] c.i.C.service.ConverterService           : converted by Java money api: AFN -> AFN value: 0.93841904 result: 0.93841904
2019-01-10 11:30:36.624  INFO 15496 --- [           main] c.i.C.service.ConverterService           : converted by Java money api: MNT -> MNT value: 0.25716013 result: 0.25716013
2019-01-10 11:30:37.299  INFO 15496 --- [           main] c.i.C.service.ConverterService           : converted by Java money api: ZAR -> ZAR value: 0.017924845 result: 0.017924845
2019-01-10 11:30:37.341  INFO 15496 --- [           main] c.i.C.service.ConverterService           : converted by bank-ua.com: USD -> USD value: 0.7252503 result: 0.7252503
2019-01-10 11:30:37.915  INFO 15496 --- [           main] c.i.C.service.ConverterService           : converted by Java money api: OMR -> OMR value: 0.55504155 result: 0.55504155
2019-01-10 11:30:38.469  INFO 15496 --- [           main] c.i.C.service.ConverterService           : converted by Java money api: AOA -> AOA value: 0.22258878 result: 0.22258878
2019-01-10 11:30:39.215  INFO 15496 --- [           main] c.i.C.service.ConverterService           : converted by Java money api: MMK -> MMK value: 0.42527854 result: 0.42527854
2019-01-10 11:30:40.010  INFO 15496 --- [           main] c.i.C.service.ConverterService           : converted by Java money api: SLL -> SLL value: 0.13115627 result: 0.13115627
2019-01-10 11:30:40.366  INFO 15496 --- [           main] c.i.C.service.ConverterService           : converted by Java money api: XBA -> XBA value: 0.23279709 result: 0.23279709
2019-01-10 11:30:40.973  INFO 15496 --- [           main] c.i.C.service.ConverterService           : converted by Java money api: RSD -> RSD value: 0.4979092 result: 0.4979092
2019-01-10 11:30:41.593  INFO 15496 --- [           main] c.i.C.service.ConverterService           : converted by Java money api: AED -> AED value: 0.71913445 result: 0.71913445
2019-01-10 11:30:42.343  INFO 15496 --- [           main] c.i.C.service.ConverterService           : converted by Java money api: IDR -> IDR value: 0.3145892 result: 0.3145892
2019-01-10 11:30:42.765  INFO 15496 --- [           main] c.i.C.service.ConverterService           : converted by Java money api: SKK -> SKK value: 0.7107365 result: 0.7107365
2019-01-10 11:30:43.163  INFO 15496 --- [           main] c.i.C.service.ConverterService           : converted by Java money api: XBB -> XBB value: 0.39519298 result: 0.39519298
2019-01-10 11:30:43.855  INFO 15496 --- [           main] c.i.C.service.ConverterService           : converted by Java money api: EGP -> EGP value: 0.5011953 result: 0.5011953
2019-01-10 11:30:45.216  INFO 15496 --- [           main] c.i.C.service.ConverterService           : converted by Java money api: HKD -> HKD value: 0.9534859 result: 0.9534859
2019-01-10 11:30:46.439  INFO 15496 --- [           main] c.i.C.service.ConverterService           : converted by Java money api: TTD -> TTD value: 0.9296826 result: 0.9296826
2019-01-10 11:30:46.923  INFO 15496 --- [           main] c.i.C.service.ConverterService           : converted by Java money api: ZWL -> ZWL value: 0.50280005 result: 0.50280005
2019-01-10 11:30:47.346  INFO 15496 --- [           main] c.i.C.service.ConverterService           : converted by Java money api: BGL -> BGL value: 0.54421806 result: 0.54421806
2019-01-10 11:30:48.152  INFO 15496 --- [           main] c.i.C.service.ConverterService           : converted by Java money api: XCD -> XCD value: 0.5068446 result: 0.5068446
2019-01-10 11:30:48.833  INFO 15496 --- [           main] c.i.C.service.ConverterService           : converted by Java money api: KRW -> KRW value: 0.22094566 result: 0.22094566
2019-01-10 11:30:49.185  INFO 15496 --- [           main] c.i.C.service.ConverterService           : converted by Java money api: BMD -> BMD value: 0.5148104 result: 0.5148104
2019-01-10 11:30:49.755  INFO 15496 --- [           main] c.i.C.service.ConverterService           : converted by Java money api: GMD -> GMD value: 0.7307332 result: 0.7307332
2019-01-10 11:30:50.189  INFO 15496 --- [           main] c.i.C.service.ConverterService           : converted by Java money api: RUR -> RUR value: 0.41963196 result: 0.41963196
2019-01-10 11:30:50.674  INFO 15496 --- [           main] c.i.C.service.ConverterService           : converted by Java money api: GWP -> GWP value: 0.06435019 result: 0.06435019
2019-01-10 11:30:52.043  INFO 15496 --- [           main] c.i.C.service.ConverterService           : converted by Java money api: DZD -> DZD value: 0.19105744 result: 0.19105744
2019-01-10 11:30:52.715  INFO 15496 --- [           main] c.i.C.service.ConverterService           : converted by Java money api: MZN -> MZN value: 0.02884072 result: 0.02884072
2019-01-10 11:30:53.460  INFO 15496 --- [           main] c.i.C.service.ConverterService           : converted by Java money api: GHS -> GHS value: 0.6563827 result: 0.6563827
2019-01-10 11:30:53.513  INFO 15496 --- [           main] c.i.C.service.ConverterService           : converted by bank-ua.com: CAD -> CAD value: 0.3131376 result: 0.3131376
2019-01-10 11:30:55.940  INFO 15496 --- [           main] c.i.C.service.ConverterService           : converted by Java money api: MGA -> MGA value: 0.9390892 result: 0.9390892
2019-01-10 11:30:56.512  INFO 15496 --- [           main] c.i.C.service.ConverterService           : converted by Java money api: MXN -> MXN value: 0.18817294 result: 0.18817294
2019-01-10 11:30:57.392  INFO 15496 --- [           main] c.i.C.service.ConverterService           : converted by Java money api: NGN -> NGN value: 0.6284651 result: 0.6284651
2019-01-10 11:30:57.738  INFO 15496 --- [           main] c.i.C.service.ConverterService           : converted by Java money api: SRG -> SRG value: 0.6909023 result: 0.6909023
2019-01-10 11:30:58.085  INFO 15496 --- [           main] c.i.C.service.ConverterService           : converted by Java money api: AFA -> AFA value: 0.17292923 result: 0.17292923
2019-01-10 11:30:58.140  INFO 15496 --- [           main] c.i.C.service.ConverterService           : converted by bank-ua.com: AUD -> AUD value: 0.5942316 result: 0.5942316
2019-01-10 11:30:58.750  INFO 15496 --- [           main] c.i.C.service.ConverterService           : converted by Java money api: HNL -> HNL value: 0.63018095 result: 0.63018095
2019-01-10 11:30:59.425  INFO 15496 --- [           main] c.i.C.service.ConverterService           : converted by Java money api: CDF -> CDF value: 0.5667723 result: 0.5667723
2019-01-10 11:30:59.996  INFO 15496 --- [           main] c.i.C.service.ConverterService           : converted by Java money api: JOD -> JOD value: 0.86939764 result: 0.86939764
2019-01-10 11:31:00.717  INFO 15496 --- [           main] c.i.C.service.ConverterService           : converted by Java money api: QAR -> QAR value: 0.88915604 result: 0.88915604
2019-01-10 11:31:01.088  INFO 15496 --- [           main] c.i.C.service.ConverterService           : converted by Java money api: ROL -> ROL value: 0.14567071 result: 0.14567071
2019-01-10 11:31:01.438  INFO 15496 --- [           main] c.i.C.service.ConverterService           : converted by Java money api: XAU -> XAU value: 0.64858013 result: 0.64858013
2019-01-10 11:31:01.864  INFO 15496 --- [           main] c.i.C.service.ConverterService           : converted by Java money api: ZWD -> ZWD value: 0.11171293 result: 0.11171293
2019-01-10 11:31:02.220  INFO 15496 --- [           main] c.i.C.service.ConverterService           : converted by Java money api: MZM -> MZM value: 0.102290034 result: 0.102290034
2019-01-10 11:31:02.587  INFO 15496 --- [           main] c.i.C.service.ConverterService           : converted by Java money api: XBC -> XBC value: 0.46408868 result: 0.46408868
2019-01-10 11:31:03.156  INFO 15496 --- [           main] c.i.C.service.ConverterService           : converted by Java money api: KMF -> KMF value: 0.79153514 result: 0.79153514
2019-01-10 11:31:03.803  INFO 15496 --- [           main] c.i.C.service.ConverterService           : converted by Java money api: GYD -> GYD value: 0.54098636 result: 0.54098636
2019-01-10 11:31:04.215  INFO 15496 --- [           main] c.i.C.service.ConverterService           : converted by Java money api: BYB -> BYB value: 0.78129965 result: 0.78129965
2019-01-10 11:31:04.255  INFO 15496 --- [           main] c.i.C.service.ConverterService           : converted by bank-ua.com: MDL -> MDL value: 0.28484595 result: 0.28484595
2019-01-10 11:31:05.300  INFO 15496 --- [           main] c.i.C.service.ConverterService           : converted by Java money api: SYP -> SYP value: 0.49832076 result: 0.49832076
2019-01-10 11:31:05.666  INFO 15496 --- [           main] c.i.C.service.ConverterService           : converted by Java money api: NLG -> NLG value: 0.8739672 result: 0.8739672
2019-01-10 11:31:06.052  INFO 15496 --- [           main] c.i.C.service.ConverterService           : converted by Java money api: GHC -> GHC value: 0.9150756 result: 0.9150756
2019-01-10 11:31:06.552  INFO 15496 --- [           main] c.i.C.service.ConverterService           : converted by Java money api: CUC -> CUC value: 0.21908295 result: 0.21908295
2019-01-10 11:31:06.805  INFO 15496 --- [           main] c.i.C.service.ConverterService           : converted by bank-ua.com: EUR -> EUR value: 0.87420446 result: 0.87420446
2019-01-10 11:31:07.584  INFO 15496 --- [           main] c.i.C.service.ConverterService           : converted by Java money api: VND -> VND value: 0.32994986 result: 0.32994986
2019-01-10 11:31:08.350  INFO 15496 --- [           main] c.i.C.service.ConverterService           : converted by Java money api: ERN -> ERN value: 0.9198241 result: 0.9198241
2019-01-10 11:31:08.840  INFO 15496 --- [           main] c.i.C.service.ConverterService           : converted by Java money api: MGF -> MGF value: 0.27957284 result: 0.27957284
2019-01-10 11:31:09.883  INFO 15496 --- [           main] c.i.C.service.ConverterService           : converted by Java money api: NPR -> NPR value: 0.27193797 result: 0.27193797
2019-01-10 11:31:10.243  INFO 15496 --- [           main] c.i.C.service.ConverterService           : converted by Java money api: MTL -> MTL value: 0.7634198 result: 0.7634198
2019-01-10 11:31:11.136  INFO 15496 --- [           main] c.i.C.service.ConverterService           : converted by Java money api: MKD -> MKD value: 0.17579877 result: 0.17579877
2019-01-10 11:31:12.032  INFO 15496 --- [           main] c.i.C.service.ConverterService           : converted by Java money api: SAR -> SAR value: 0.49079818 result: 0.49079818
2019-01-10 11:31:12.078  INFO 15496 --- [           main] c.i.C.service.ConverterService           : converted by bank-ua.com: JPY -> JPY value: 0.8394368 result: 0.8394368
2019-01-10 11:31:12.633  INFO 15496 --- [           main] c.i.C.service.ConverterService           : converted by Java money api: JMD -> JMD value: 0.62606794 result: 0.62606794
2019-01-10 11:31:13.167  INFO 15496 --- [           main] c.i.C.service.ConverterService           : converted by Java money api: SSP -> SSP value: 0.5943124 result: 0.5943124
2019-01-10 11:31:13.719  INFO 15496 --- [           main] c.i.C.service.ConverterService           : converted by Java money api: CVE -> CVE value: 0.5651661 result: 0.5651661
2019-01-10 11:31:14.304  INFO 15496 --- [           main] c.i.C.service.ConverterService           : converted by Java money api: ZMW -> ZMW value: 0.68164563 result: 0.68164563
2019-01-10 11:31:14.849  INFO 15496 --- [           main] c.i.C.service.ConverterService           : converted by Java money api: CRC -> CRC value: 0.74255925 result: 0.74255925
2019-01-10 11:31:15.186  INFO 15496 --- [           main] c.i.C.service.ConverterService           : converted by Java money api: ZMK -> ZMK value: 0.21910214 result: 0.21910214
2019-01-10 11:31:15.552  INFO 15496 --- [           main] c.i.C.service.ConverterService           : converted by Java money api: BEF -> BEF value: 0.86235833 result: 0.86235833
2019-01-10 11:31:16.125  INFO 15496 --- [           main] c.i.C.service.ConverterService           : converted by Java money api: BBD -> BBD value: 0.5553739 result: 0.5553739
2019-01-10 11:31:16.662  INFO 15496 --- [           main] c.i.C.service.ConverterService           : converted by Java money api: SVC -> SVC value: 0.78785586 result: 0.78785586
2019-01-10 11:31:17.234  INFO 15496 --- [           main] c.i.C.service.ConverterService           : converted by Java money api: RON -> RON value: 0.4187991 result: 0.4187991
2019-01-10 11:31:17.768  INFO 15496 --- [           main] c.i.C.service.ConverterService           : converted by Java money api: GNF -> GNF value: 0.36210823 result: 0.36210823
2019-01-10 11:31:18.119  INFO 15496 --- [           main] c.i.C.service.ConverterService           : converted by Java money api: COU -> COU value: 0.76818883 result: 0.76818883
2019-01-10 11:31:18.479  INFO 15496 --- [           main] c.i.C.service.ConverterService           : converted by Java money api: BTN -> BTN value: 0.0273695 result: 0.0273695
2019-01-10 11:31:19.148  INFO 15496 --- [           main] c.i.C.service.ConverterService           : converted by Java money api: GTQ -> GTQ value: 0.010201037 result: 0.010201037
2019-01-10 11:31:19.767  INFO 15496 --- [           main] c.i.C.service.ConverterService           : converted by Java money api: PEN -> PEN value: 0.19689852 result: 0.19689852
2019-01-10 11:31:20.511  INFO 15496 --- [           main] c.i.C.service.ConverterService           : converted by Java money api: ARS -> ARS value: 0.9031927 result: 0.9031927
2019-01-10 11:31:21.037  INFO 15496 --- [           main] c.i.C.service.ConverterService           : converted by Java money api: XPD -> XPD value: 0.99109226 result: 0.99109226
2019-01-10 11:31:21.641  INFO 15496 --- [           main] c.i.C.service.ConverterService           : converted by Java money api: TRY -> TRY value: 0.6483788 result: 0.6483788
2019-01-10 11:31:22.214  INFO 15496 --- [           main] c.i.C.service.ConverterService           : converted by Java money api: BAM -> BAM value: 0.31620365 result: 0.31620365
2019-01-10 11:31:22.896  INFO 15496 --- [           main] c.i.C.service.ConverterService           : converted by Java money api: LBP -> LBP value: 0.98915386 result: 0.98915386
2019-01-10 11:31:23.538  INFO 15496 --- [           main] c.i.C.service.ConverterService           : converted by Java money api: UYU -> UYU value: 0.010025263 result: 0.010025263
2019-01-10 11:31:24.085  INFO 15496 --- [           main] c.i.C.service.ConverterService           : converted by Java money api: GIP -> GIP value: 0.015220106 result: 0.015220106
2019-01-10 11:31:24.124  INFO 15496 --- [           main] c.i.C.service.ConverterService           : converted by bank-ua.com: DKK -> DKK value: 0.5847317 result: 0.5847317
2019-01-10 11:31:24.724  INFO 15496 --- [           main] c.i.C.service.ConverterService           : converted by Java money api: TMT -> TMT value: 0.106684685 result: 0.106684685
2019-01-10 11:31:25.371  INFO 15496 --- [           main] c.i.C.service.ConverterService           : converted by Java money api: CLP -> CLP value: 0.9367049 result: 0.9367049
2019-01-10 11:31:25.956  INFO 15496 --- [           main] c.i.C.service.ConverterService           : converted by Java money api: LSL -> LSL value: 0.4091944 result: 0.4091944
2019-01-10 11:31:26.315  INFO 15496 --- [           main] c.i.C.service.ConverterService           : converted by Java money api: TPE -> TPE value: 0.19116747 result: 0.19116747
2019-01-10 11:31:26.388  INFO 15496 --- [           main] c.i.C.service.ConverterService           : converted by bank-ua.com: PLN -> PLN value: 0.15691286 result: 0.15691286
2019-01-10 11:31:26.964  INFO 15496 --- [           main] c.i.C.service.ConverterService           : converted by Java money api: BZD -> BZD value: 0.3977388 result: 0.3977388
2019-01-10 11:31:27.330  INFO 15496 --- [           main] c.i.C.service.ConverterService           : converted by Java money api: USS -> USS value: 0.29404557 result: 0.29404557
2019-01-10 11:31:27.939  INFO 15496 --- [           main] c.i.C.service.ConverterService           : converted by Java money api: TWD -> TWD value: 0.20276523 result: 0.20276523
2019-01-10 11:31:27.988  INFO 15496 --- [           main] c.i.C.service.ConverterService           : converted by bank-ua.com: UZS -> UZS value: 0.8076713 result: 0.8076713
2019-01-10 11:31:28.618  INFO 15496 --- [           main] c.i.C.service.ConverterService           : converted by Java money api: LYD -> LYD value: 0.20244473 result: 0.20244473
2019-01-10 11:31:31.796  INFO 15496 --- [           main] c.i.C.service.ConverterService           : converted by Java money api: VUV -> VUV value: 0.49631345 result: 0.49631345
2019-01-10 11:31:31.836  INFO 15496 --- [           main] c.i.C.service.ConverterService           : converted by bank-ua.com: LVL -> LVL value: 0.6225069 result: 0.6225069
2019-01-10 11:31:32.411  INFO 15496 --- [           main] c.i.C.service.ConverterService           : converted by Java money api: BRL -> BRL value: 0.30708307 result: 0.30708307
2019-01-10 11:31:32.796  INFO 15496 --- [           main] c.i.C.service.ConverterService           : converted by Java money api: XFO -> XFO value: 0.42887282 result: 0.42887282
2019-01-10 11:31:33.361  INFO 15496 --- [           main] c.i.C.service.ConverterService           : converted by Java money api: PYG -> PYG value: 0.83057 result: 0.83057
2019-01-10 11:31:33.420  INFO 15496 --- [           main] c.i.C.service.ConverterService           : converted by bank-ua.com: UAH -> UAH value: 0.022408009 result: 0.022408009
2019-01-10 11:31:33.820  INFO 15496 --- [           main] c.i.C.service.ConverterService           : converted by Java money api: ADP -> ADP value: 0.25260276 result: 0.25260276
2019-01-10 11:31:34.208  INFO 15496 --- [           main] c.i.C.service.ConverterService           : converted by Java money api: XBD -> XBD value: 0.41036463 result: 0.41036463
2019-01-10 11:31:34.592  INFO 15496 --- [           main] c.i.C.service.ConverterService           : converted by Java money api: ZWN -> ZWN value: 0.5032204 result: 0.5032204
2019-01-10 11:31:34.959  INFO 15496 --- [           main] c.i.C.service.ConverterService           : converted by Java money api: XTS -> XTS value: 0.0868479 result: 0.0868479
2019-01-10 11:31:35.332  INFO 15496 --- [           main] c.i.C.service.ConverterService           : converted by Java money api: KPW -> KPW value: 0.3500979 result: 0.3500979
2019-01-10 11:31:35.684  INFO 15496 --- [           main] c.i.C.service.ConverterService           : converted by Java money api: KYD -> KYD value: 0.70302266 result: 0.70302266
2019-01-10 11:31:35.734  INFO 15496 --- [           main] c.i.C.service.ConverterService           : converted by bank-ua.com: CHF -> CHF value: 0.91460437 result: 0.91460437
2019-01-10 11:31:36.278  INFO 15496 --- [           main] c.i.C.service.ConverterService           : converted by Java money api: NAD -> NAD value: 0.25333685 result: 0.25333685
2019-01-10 11:31:36.858  INFO 15496 --- [           main] c.i.C.service.ConverterService           : converted by Java money api: RWF -> RWF value: 0.35331053 result: 0.35331053
2019-01-10 11:31:37.679  INFO 15496 --- [           main] c.i.C.service.ConverterService           : converted by Java money api: XPF -> XPF value: 0.8565551 result: 0.8565551
2019-01-10 11:31:38.025  INFO 15496 --- [           main] c.i.C.service.ConverterService           : converted by Java money api: DEM -> DEM value: 0.047635257 result: 0.047635257
2019-01-10 11:31:38.678  INFO 15496 --- [           main] c.i.C.service.ConverterService           : converted by Java money api: HRK -> HRK value: 0.3458317 result: 0.3458317
2019-01-10 11:31:39.028  INFO 15496 --- [           main] c.i.C.service.ConverterService           : converted by Java money api: SDD -> SDD value: 0.9976508 result: 0.9976508
2019-01-10 11:31:39.745  INFO 15496 --- [           main] c.i.C.service.ConverterService           : converted by Java money api: DJF -> DJF value: 0.28753048 result: 0.28753048
2019-01-10 11:31:40.342  INFO 15496 --- [           main] c.i.C.service.ConverterService           : converted by Java money api: PGK -> PGK value: 0.5705111 result: 0.5705111
2019-01-10 11:31:40.766  INFO 15496 --- [           main] c.i.C.service.ConverterService           : converted by Java money api: BOV -> BOV value: 0.6214177 result: 0.6214177
2019-01-10 11:31:41.776  INFO 15496 --- [           main] c.i.C.service.ConverterService           : converted by Java money api: NIO -> NIO value: 0.8075366 result: 0.8075366
2019-01-10 11:31:42.532  INFO 15496 --- [           main] c.i.C.service.ConverterService           : converted by Java money api: LKR -> LKR value: 0.03194338 result: 0.03194338
2019-01-10 11:31:43.158  INFO 15496 --- [           main] c.i.C.service.ConverterService           : converted by Java money api: THB -> THB value: 0.7836502 result: 0.7836502
2019-01-10 11:31:43.711  INFO 15496 --- [           main] c.i.C.service.ConverterService           : converted by Java money api: INR -> INR value: 0.7070309 result: 0.7070309
2019-01-10 11:31:44.153  INFO 15496 --- [           main] c.i.C.service.ConverterService           : converted by Java money api: LUF -> LUF value: 0.6151526 result: 0.6151526
2019-01-10 11:31:44.995  INFO 15496 --- [           main] c.i.C.service.ConverterService           : converted by Java money api: DOP -> DOP value: 0.68168896 result: 0.68168896
2019-01-10 11:31:45.391  INFO 15496 --- [           main] c.i.C.service.ConverterService           : converted by Java money api: XXX -> XXX value: 0.59039533 result: 0.59039533
2019-01-10 11:31:45.439  INFO 15496 --- [           main] c.i.C.service.ConverterService           : converted by bank-ua.com: NOK -> NOK value: 0.4975704 result: 0.4975704
2019-01-10 11:31:46.128  INFO 15496 --- [           main] c.i.C.service.ConverterService           : converted by Java money api: KGS -> KGS value: 0.81304467 result: 0.81304467
2019-01-10 11:31:46.725  INFO 15496 --- [           main] c.i.C.service.ConverterService           : converted by Java money api: MYR -> MYR value: 0.054856718 result: 0.054856718
2019-01-10 11:31:47.313  INFO 15496 --- [           main] c.i.C.service.ConverterService           : converted by Java money api: SIT -> SIT value: 0.63161784 result: 0.63161784
2019-01-10 11:31:47.994  INFO 15496 --- [           main] c.i.C.service.ConverterService           : converted by Java money api: AZN -> AZN value: 0.18435997 result: 0.18435997
2019-01-10 11:31:48.645  INFO 15496 --- [           main] c.i.C.service.ConverterService           : converted by Java money api: SDG -> SDG value: 0.9921297 result: 0.9921297
2019-01-10 11:31:49.214  INFO 15496 --- [           main] c.i.C.service.ConverterService           : converted by Java money api: AWG -> AWG value: 0.7202934 result: 0.7202934
2019-01-10 11:31:49.608  INFO 15496 --- [           main] c.i.C.service.ConverterService           : converted by Java money api: USN -> USN value: 0.73015535 result: 0.73015535
2019-01-10 11:31:49.647  INFO 15496 --- [           main] c.i.C.service.ConverterService           : converted by bank-ua.com: CNY -> CNY value: 0.9408069 result: 0.9408069
2019-01-10 11:31:50.211  INFO 15496 --- [           main] c.i.C.service.ConverterService           : converted by Java money api: PHP -> PHP value: 0.11241406 result: 0.11241406
2019-01-10 11:31:50.978  INFO 15496 --- [           main] c.i.C.service.ConverterService           : converted by Java money api: TJS -> TJS value: 0.72700167 result: 0.72700167
2019-01-10 11:31:51.561  INFO 15496 --- [           main] c.i.C.service.ConverterService           : converted by Java money api: GRD -> GRD value: 0.30084234 result: 0.30084234
2019-01-10 11:31:52.260  INFO 15496 --- [           main] c.i.C.service.ConverterService           : converted by Java money api: XUA -> XUA value: 0.7898469 result: 0.7898469
2019-01-10 11:31:54.147  INFO 15496 --- [           main] c.i.C.service.ConverterService           : converted by Java money api: BOB -> BOB value: 0.955931 result: 0.955931
2019-01-10 11:31:55.107  INFO 15496 --- [           main] c.i.C.service.ConverterService           : converted by Java money api: KHR -> KHR value: 0.38933468 result: 0.38933468
2019-01-10 11:31:56.401  INFO 15496 --- [           main] c.i.C.service.ConverterService           : converted by Java money api: ESP -> ESP value: 0.06159854 result: 0.06159854
2019-01-10 11:31:57.563  INFO 15496 --- [           main] c.i.C.service.ConverterService           : converted by Java money api: BSD -> BSD value: 0.98770016 result: 0.98770016
2019-01-10 11:31:59.042  INFO 15496 --- [           main] c.i.C.service.ConverterService           : converted by Java money api: ANG -> ANG value: 0.9284561 result: 0.9284561
2019-01-10 11:31:59.888  INFO 15496 --- [           main] c.i.C.service.ConverterService           : converted by Java money api: IQD -> IQD value: 0.4890675 result: 0.4890675
2019-01-10 11:32:00.757  INFO 15496 --- [           main] c.i.C.service.ConverterService           : converted by Java money api: KES -> KES value: 0.9583843 result: 0.9583843
2019-01-10 11:32:01.367  INFO 15496 --- [           main] c.i.C.service.ConverterService           : converted by Java money api: ETB -> ETB value: 0.48491532 result: 0.48491532
2019-01-10 11:32:01.984  INFO 15496 --- [           main] c.i.C.service.ConverterService           : converted by Java money api: ALL -> ALL value: 0.38152492 result: 0.38152492
2019-01-10 11:32:02.777  INFO 15496 --- [           main] c.i.C.service.ConverterService           : converted by Java money api: FJD -> FJD value: 0.8812641 result: 0.8812641
2019-01-10 11:32:03.519  INFO 15496 --- [           main] c.i.C.service.ConverterService           : converted by Java money api: SRD -> SRD value: 0.3588664 result: 0.3588664
2019-01-10 11:32:03.569  INFO 15496 --- [           main] c.i.C.service.ConverterService           : converted by bank-ua.com: TMM -> TMM value: 0.87540543 result: 0.87540543
2019-01-10 11:32:06.797  INFO 15496 --- [           main] c.i.C.service.ConverterService           : converted by Java money api: PAB -> PAB value: 0.8590561 result: 0.8590561
2019-01-10 11:32:07.704  INFO 15496 --- [           main] c.i.C.service.ConverterService           : converted by Java money api: CHE -> CHE value: 0.41364396 result: 0.41364396
2019-01-10 11:32:09.458  INFO 15496 --- [           main] c.i.C.service.ConverterService           : converted by Java money api: NZD -> NZD value: 0.9474427 result: 0.9474427
2019-01-10 11:32:10.516  INFO 15496 --- [           main] c.i.C.service.ConverterService           : converted by Java money api: CHW -> CHW value: 0.52745867 result: 0.52745867
2019-01-10 11:32:11.934  INFO 15496 --- [           main] c.i.C.service.ConverterService           : converted by Java money api: XFU -> XFU value: 0.54554725 result: 0.54554725
2019-01-10 11:32:12.041  INFO 15496 --- [           main] c.i.C.service.ConverterService           : converted by bank-ua.com: GBP -> GBP value: 0.7135609 result: 0.7135609
2019-01-10 11:32:12.737  INFO 15496 --- [           main] c.i.C.service.ConverterService           : converted by Java money api: UYI -> UYI value: 0.104970574 result: 0.104970574
2019-01-10 11:32:13.605  INFO 15496 --- [           main] c.i.C.service.ConverterService           : converted by Java money api: CYP -> CYP value: 0.5978611 result: 0.5978611
2019-01-10 11:32:13.677  INFO 15496 --- [           main] c.i.C.service.ConverterService           : converted by bank-ua.com: XDR -> XDR value: 0.7304331 result: 0.7304331
2019-01-10 11:32:14.519  INFO 15496 --- [           main] c.i.C.service.ConverterService           : converted by Java money api: COP -> COP value: 0.5120004 result: 0.5120004
2019-01-10 11:32:15.294  INFO 15496 --- [           main] c.i.C.service.ConverterService           : converted by Java money api: MXV -> MXV value: 0.06788576 result: 0.06788576
2019-01-10 11:32:16.129  INFO 15496 --- [           main] c.i.C.service.ConverterService           : converted by Java money api: SOS -> SOS value: 0.2930379 result: 0.2930379
2019-01-10 11:32:17.148  INFO 15496 --- [           main] c.i.C.service.ConverterService           : converted by Java money api: HTG -> HTG value: 0.7988031 result: 0.7988031
2019-01-10 11:32:17.938  INFO 15496 --- [           main] c.i.C.service.ConverterService           : converted by Java money api: BDT -> BDT value: 0.9669753 result: 0.9669753
2019-01-10 11:32:18.604  INFO 15496 --- [           main] c.i.C.service.ConverterService           : converted by Java money api: FKP -> FKP value: 0.73002195 result: 0.73002195
2019-01-10 11:32:19.002  INFO 15496 --- [           main] c.i.C.service.ConverterService           : converted by Java money api: FIM -> FIM value: 0.96472836 result: 0.96472836
2019-01-10 11:32:19.698  INFO 15496 --- [           main] c.i.C.service.ConverterService           : converted by Java money api: YER -> YER value: 0.13538927 result: 0.13538927
2019-01-10 11:32:20.357  INFO 15496 --- [           main] c.i.C.service.ConverterService           : converted by Java money api: BHD -> BHD value: 0.33193594 result: 0.33193594
2019-01-10 11:32:20.440  INFO 15496 --- [           main] c.i.C.service.ConverterService           : converted by bank-ua.com: KZT -> KZT value: 0.48844343 result: 0.48844343
2019-01-10 11:32:20.596  INFO 15496 --- [           main] c.i.C.service.ConverterService           : converted by bank-ua.com: CZK -> CZK value: 0.16339833 result: 0.16339833
2019-01-10 11:32:22.592  INFO 15496 --- [           main] c.i.C.service.ConverterService           : converted by Java money api: XAF -> XAF value: 0.21006882 result: 0.21006882
2019-01-10 11:32:24.753  INFO 15496 --- [           main] c.i.C.service.ConverterService           : converted by Java money api: WST -> WST value: 0.73180366 result: 0.73180366
2019-01-10 11:32:26.232  INFO 15496 --- [           main] c.i.C.service.ConverterService           : converted by Java money api: XOF -> XOF value: 0.6223387 result: 0.6223387
2019-01-10 11:32:28.997 ERROR 15496 --- [           main] c.i.C.service.ConverterService           : Problem with internet connection.
]]></system-out>
  </testcase>
  <testcase name="checkCurrencyTransferToUAH" classname="com.implemica.CurrencyConverter.service.ConverterTest" time="5.553"/>
  <testcase name="checkCurrencyTransferToUSD" classname="com.implemica.CurrencyConverter.service.ConverterTest" time="86.602"/>
  <testcase name="checkUnsupportedCurrency" classname="com.implemica.CurrencyConverter.service.ConverterTest" time="47.616"/>
</testsuite>